Arguments: 
  /home/maex/.nvm/versions/node/v8.1.3/bin/node /usr/bin/yarn add --dev @sitegeist/neos-build-essentials

PATH: 
  /home/maex/.nvm/versions/node/v8.1.3/bin:/home/maex/bin:/usr/local/sbin:/usr/local/bin:/usr/bin:/usr/bin/site_perl:/usr/bin/vendor_perl:/usr/bin/core_perl:~/.gem/ruby/2.4.0/bin/:/home/maex/.gem/ruby/2.2.0/bin:/home/maex/.local/bin:

Yarn version: 
  0.27.5

Node version: 
  8.1.3

Platform: 
  linux x64

npm manifest: 
  {
    "name": "body-in-the-light",
    "version": "1.0.0",
    "repository": "git@github.com:mstruebing/body-in-the-light.git",
    "author": "Max Strübing <mxstrbng@gmail.com>",
    "license": "MIT"
  }

yarn manifest: 
  No manifest

Lockfile: 
  No lockfile

Trace: 
  Error: https://registry.yarnpkg.com/@sitegeist%2fneos-build-essentials: Not found
      at Request.params.callback [as _callback] (/usr/lib/node_modules/yarn/lib/yarn-cli.js:58200:18)
      at Request.self.callback (/usr/lib/node_modules/yarn/lib/yarn-cli.js:114242:22)
      at emitTwo (events.js:125:13)
      at Request.emit (events.js:213:7)
      at Request.<anonymous> (/usr/lib/node_modules/yarn/lib/yarn-cli.js:115225:10)
      at emitOne (events.js:115:13)
      at Request.emit (events.js:210:7)
      at IncomingMessage.<anonymous> (/usr/lib/node_modules/yarn/lib/yarn-cli.js:115145:12)
      at Object.onceWrapper (events.js:314:30)
      at emitNone (events.js:110:20)
